<?xml version="1.0" encoding="UTF-8"?>
<!-- Generated by org.testng.reporters.JUnitXMLReporter -->
<testsuite hostname="LAPTOP-4MG5Q5BI" name="Default test" tests="1" failures="1" timestamp="1 Jun 2020 01:15:53 GMT" time="0.87" errors="0">
  <testcase name="feature" time="0.085" classname="com.Pathway.TestRunner.TestRunnerclass">
    <failure type="cucumber.runtime.CucumberException" message="Error parsing feature file E:/repositeryforgit/Pathway_Automation/Pathway/src/test/java/com/Pathway/Base/Featurefiles/Buidoutflow.feature">
      <![CDATA[cucumber.runtime.CucumberException: Error parsing feature file E:/repositeryforgit/Pathway_Automation/Pathway/src/test/java/com/Pathway/Base/Featurefiles/Buidoutflow.feature
	at cucumber.runtime.FeatureBuilder.parse(FeatureBuilder.java:133)
	at cucumber.runtime.model.CucumberFeature.loadFromFeaturePath(CucumberFeature.java:104)
	at cucumber.runtime.model.CucumberFeature.load(CucumberFeature.java:54)
	at cucumber.runtime.model.CucumberFeature.load(CucumberFeature.java:34)
	at cucumber.runtime.RuntimeOptions.cucumberFeatures(RuntimeOptions.java:239)
	at cucumber.api.testng.TestNGCucumberRunner.getFeatures(TestNGCucumberRunner.java:85)
	at cucumber.api.testng.TestNGCucumberRunner.provideFeatures(TestNGCucumberRunner.java:94)
	at cucumber.api.testng.AbstractTestNGCucumberTests.features(AbstractTestNGCucumberTests.java:29)
	at sun.reflect.NativeMethodAccessorImpl.invoke0(Native Method)
	at sun.reflect.NativeMethodAccessorImpl.invoke(NativeMethodAccessorImpl.java:62)
	at sun.reflect.DelegatingMethodAccessorImpl.invoke(DelegatingMethodAccessorImpl.java:43)
	at java.lang.reflect.Method.invoke(Method.java:498)
	at org.testng.internal.MethodInvocationHelper.invokeMethod(MethodInvocationHelper.java:85)
	at org.testng.internal.MethodInvocationHelper.invokeDataProvider(MethodInvocationHelper.java:136)
	at org.testng.internal.Parameters.handleParameters(Parameters.java:430)
	at org.testng.internal.Invoker.handleParameters(Invoker.java:1270)
	at org.testng.internal.Invoker.createParameters(Invoker.java:985)
	at org.testng.internal.Invoker.invokeTestMethods(Invoker.java:1075)
	at org.testng.internal.TestMethodWorker.invokeTestMethods(TestMethodWorker.java:125)
	at org.testng.internal.TestMethodWorker.run(TestMethodWorker.java:108)
	at org.testng.TestRunner.privateRun(TestRunner.java:774)
	at org.testng.TestRunner.run(TestRunner.java:624)
	at org.testng.SuiteRunner.runTest(SuiteRunner.java:359)
	at org.testng.SuiteRunner.runSequentially(SuiteRunner.java:354)
	at org.testng.SuiteRunner.privateRun(SuiteRunner.java:312)
	at org.testng.SuiteRunner.run(SuiteRunner.java:261)
	at org.testng.SuiteRunnerWorker.runSuite(SuiteRunnerWorker.java:52)
	at org.testng.SuiteRunnerWorker.run(SuiteRunnerWorker.java:86)
	at org.testng.TestNG.runSuitesSequentially(TestNG.java:1191)
	at org.testng.TestNG.runSuitesLocally(TestNG.java:1116)
	at org.testng.TestNG.run(TestNG.java:1024)
	at org.testng.remote.AbstractRemoteTestNG.run(AbstractRemoteTestNG.java:115)
	at org.testng.remote.RemoteTestNG.initAndRun(RemoteTestNG.java:251)
	at org.testng.remote.RemoteTestNG.main(RemoteTestNG.java:77)
Caused by: gherkin.lexer.LexingError: Lexing error on line 7: 'chrome" browser for BUildOutrequest
When Market user loginwith valid credtinals for BUildOutrequest process
Then Rise a BUildOut request with Marketuser 200 with date "05-20-2020"
Then Logout MarketUser after rise a request for  BUildOut 
@tag2
Scenario: Check the status of BUildOut Request with RPM user

When RPM user login with valid credtinals for BUildOut process
Then RPM user "Approved" BUildOut request signal
Then Logout RPM user after check the status of BUildOut request

@tag3
Scenario: Check the staus of the BUildOutrequest  with NOC user

When NOC user login with valid credtinals for BUildOutrequest process
Then NOC user "Approved" BUildOutrequest Signal
Then Logout NOC user after check the status of BUildOutrequest 

@tag4
Scenario: Check the status of the BUildOutrequest Legal user
When LEGAL user login with valid credtinals for BUildOutrequest
Then Request send to FCC with Legal user FOR BUildOutrequest
Then Logout LEGAL user after succesful BUildOutrequest Send to FCC


%_FEATURE_END_%'. See http://wiki.github.com/cucumber/gherkin/lexingerror for more information.
	at gherkin.lexer.En.scan(En.java:872)
	at gherkin.lexer.I18nLexer.scan(I18nLexer.java:36)
	at gherkin.parser.Parser.parse(Parser.java:62)
	at cucumber.runtime.FeatureBuilder.parse(FeatureBuilder.java:131)
	... 33 more
]]>
    </failure>
  </testcase> <!-- feature -->
</testsuite> <!-- Default test -->
